21:43:33.949 [main] INFO  TestCases.TC001_Registration -Entered lastname...
21:43:34.090 [main] INFO  TestCases.TC001_Registration -Enterd email...
21:43:35.361 [main] INFO  TestCases.TC001_Registration -clicked on continue button...
21:43:35.421 [main] INFO  TestCases.TC001_Registration -Account created...
21:44:18.555 [main] INFO  org.testng.internal.Utils -[TestNG] Running:
  C:\Users\Admin\eclipse-workspace\NewHybridFrameWork\Master.xml

21:44:22.643 [main] INFO  TestCases.TC001_Registration -TC started....
21:44:23.800 [main] INFO  TestCases.TC001_Registration -Entered firstName...
21:44:23.906 [main] INFO  TestCases.TC001_Registration -Entered lastname...
21:44:24.024 [main] INFO  TestCases.TC001_Registration -Enterd email...
21:44:25.202 [main] INFO  TestCases.TC001_Registration -clicked on continue button...
21:44:25.247 [main] INFO  TestCases.TC001_Registration -Account created...
21:44:28.952 [main] INFO  TestCases.TC001_Registration -TC started....
21:44:30.039 [main] INFO  TestCases.TC001_Registration -Entered firstName...
21:44:30.137 [main] INFO  TestCases.TC001_Registration -Entered lastname...
21:44:30.301 [main] INFO  TestCases.TC001_Registration -Enterd email...
21:44:31.444 [main] INFO  TestCases.TC001_Registration -clicked on continue button...
21:44:31.493 [main] INFO  TestCases.TC001_Registration -Account created...
21:50:25.424 [main] INFO  org.testng.internal.Utils -[TestNG] Running:
  C:\Users\Admin\eclipse-workspace\NewHybridFrameWork\crossbrowserparalleltestng.xml

21:50:29.833 [TestNG-tests-1] INFO  TestCases.TC001_Registration -TC started....
21:50:29.835 [TestNG-tests-2] INFO  TestCases.TC001_Registration -TC started....
21:50:50.429 [TestNG-tests-1] INFO  TestCases.TC001_Registration -Entered firstName...
21:50:50.541 [TestNG-tests-1] INFO  TestCases.TC001_Registration -Entered lastname...
21:50:50.693 [TestNG-tests-2] INFO  TestCases.TC001_Registration -Entered firstName...
21:50:50.693 [TestNG-tests-1] INFO  TestCases.TC001_Registration -Enterd email...
21:50:50.820 [TestNG-tests-2] INFO  TestCases.TC001_Registration -Entered lastname...
21:50:51.010 [TestNG-tests-2] INFO  TestCases.TC001_Registration -Enterd email...
21:50:52.763 [TestNG-tests-1] INFO  TestCases.TC001_Registration -clicked on continue button...
21:50:52.875 [TestNG-tests-2] INFO  TestCases.TC001_Registration -clicked on continue button...
21:50:52.943 [TestNG-tests-2] INFO  TestCases.TC001_Registration -Account created...
21:50:52.971 [TestNG-tests-1] INFO  TestCases.TC001_Registration -Account created...
22:04:33.093 [main] INFO  org.testng.internal.Utils -[TestNG] Running:
  C:\Users\Admin\eclipse-workspace\NewHybridFrameWork\Master.xml

22:09:27.492 [main] INFO  org.testng.internal.Utils -[TestNG] Running:
  C:\Users\Admin\eclipse-workspace\NewHybridFrameWork\Master.xml

22:16:46.641 [main] INFO  org.testng.internal.Utils -[TestNG] Running:
  C:\Users\Admin\eclipse-workspace\NewHybridFrameWork\Master.xml

22:28:08.356 [main] INFO  org.testng.internal.Utils -[TestNG] Running:
  C:\Users\Admin\eclipse-workspace\NewHybridFrameWork\Master.xml

22:30:35.690 [main] INFO  org.testng.internal.Utils -[TestNG] Running:
  C:\Users\Admin\eclipse-workspace\NewHybridFrameWork\Master.xml

22:36:02.620 [main] INFO  org.testng.internal.Utils -[TestNG] Running:
  C:\Users\Admin\eclipse-workspace\NewHybridFrameWork\Master.xml

22:37:06.313 [main] INFO  org.testng.internal.Utils -[TestNG] Running:
  C:\Users\Admin\eclipse-workspace\NewHybridFrameWork\Master.xml

22:39:17.808 [main] INFO  org.testng.internal.Utils -[TestNG] Running:
  C:\Users\Admin\eclipse-workspace\NewHybridFrameWork\Master.xml

22:41:37.823 [main] INFO  org.testng.internal.Utils -[TestNG] Running:
  C:\Users\Admin\eclipse-workspace\NewHybridFrameWork\Master.xml

22:44:05.526 [main] INFO  org.testng.internal.Utils -[TestNG] Running:
  C:\Users\Admin\eclipse-workspace\NewHybridFrameWork\Master.xml

22:44:09.620 [TestNG-tests-1] INFO  TestCases.TC001_Registration -TC started....
22:44:10.698 [TestNG-tests-1] INFO  TestCases.TC001_Registration -Entered firstName...
22:44:10.785 [TestNG-tests-1] INFO  TestCases.TC001_Registration -Entered lastname...
22:44:10.914 [TestNG-tests-1] INFO  TestCases.TC001_Registration -Enterd email...
22:44:12.081 [TestNG-tests-1] INFO  TestCases.TC001_Registration -clicked on continue button...
22:44:12.130 [TestNG-tests-1] INFO  TestCases.TC001_Registration -Account created...
22:46:17.151 [main] INFO  org.testng.internal.Utils -[TestNG] Running:
  C:\Users\Admin\eclipse-workspace\NewHybridFrameWork\Master.xml

22:48:30.296 [main] INFO  org.testng.internal.Utils -[TestNG] Running:
  C:\Users\Admin\eclipse-workspace\NewHybridFrameWork\Master.xml

22:51:26.727 [main] INFO  org.testng.internal.Utils -[TestNG] Running:
  C:\Users\Admin\eclipse-workspace\NewHybridFrameWork\Master.xml

22:52:22.708 [main] INFO  org.testng.internal.Utils -[TestNG] Running:
  C:\Users\Admin\eclipse-workspace\NewHybridFrameWork\Master.xml

