22:52:26.001 [TestNG-tests-1] INFO  TestCases.TC001_Registration -TC started....
22:52:27.011 [TestNG-tests-1] INFO  TestCases.TC001_Registration -Entered firstName...
22:52:27.092 [TestNG-tests-1] INFO  TestCases.TC001_Registration -Entered lastname...
22:52:27.216 [TestNG-tests-1] INFO  TestCases.TC001_Registration -Enterd email...
22:52:28.306 [TestNG-tests-1] INFO  TestCases.TC001_Registration -clicked on continue button...
22:52:28.345 [TestNG-tests-1] INFO  TestCases.TC001_Registration -Account created...
22:53:15.321 [main] INFO  org.testng.internal.Utils -[TestNG] Running:
  C:\Users\Admin\eclipse-workspace\NewHybridFrameWork\Master.xml

22:53:40.554 [main] INFO  org.testng.internal.Utils -[TestNG] Running:
  C:\Users\Admin\eclipse-workspace\NewHybridFrameWork\Master.xml

22:53:44.021 [TestNG-tests-1] INFO  TestCases.TC001_Registration -TC started....
22:53:44.860 [TestNG-tests-1] INFO  TestCases.TC001_Registration -Entered firstName...
22:53:44.941 [TestNG-tests-1] INFO  TestCases.TC001_Registration -Entered lastname...
22:53:45.067 [TestNG-tests-1] INFO  TestCases.TC001_Registration -Enterd email...
22:53:46.139 [TestNG-tests-1] INFO  TestCases.TC001_Registration -clicked on continue button...
22:53:46.181 [TestNG-tests-1] INFO  TestCases.TC001_Registration -Account created...
19:43:04.675 [main] INFO  org.testng.internal.Utils -[TestNG] Running:
  C:\Users\Admin\eclipse-workspace\NewHybridFrameWork\Master.xml

19:43:11.281 [TestNG-tests-1] INFO  TestCases.TC002_LoginTest -**** Test case TC_002 LoginTest Started *****
19:43:12.918 [TestNG-tests-1] INFO  TestCases.TC002_LoginTest -**** Test case TC_002 LoginTest Finished *****
21:53:43.317 [main] INFO  org.testng.internal.Utils -[TestNG] Running:
  C:\Users\Admin\eclipse-workspace\NewHybridFrameWork\grouping.xml

21:54:55.265 [main] INFO  org.testng.internal.Utils -[TestNG] Running:
  C:\Users\Admin\eclipse-workspace\NewHybridFrameWork\grouping.xml

21:55:47.215 [main] INFO  org.testng.internal.Utils -[TestNG] Running:
  C:\Users\Admin\eclipse-workspace\NewHybridFrameWork\grouping.xml

21:55:52.195 [TestNG-tests-1] INFO  TestCases.TC001_Registration -TC started....
21:55:53.274 [TestNG-tests-1] INFO  TestCases.TC001_Registration -Entered firstName...
21:55:53.362 [TestNG-tests-1] INFO  TestCases.TC001_Registration -Entered lastname...
21:55:53.478 [TestNG-tests-1] INFO  TestCases.TC001_Registration -Enterd email...
21:55:54.583 [TestNG-tests-1] INFO  TestCases.TC001_Registration -clicked on continue button...
21:55:54.629 [TestNG-tests-1] INFO  TestCases.TC001_Registration -Account created...
21:56:32.969 [main] INFO  org.testng.internal.Utils -[TestNG] Running:
  C:\Users\Admin\eclipse-workspace\NewHybridFrameWork\grouping.xml

23:04:54.742 [main] INFO  org.testng.internal.Utils -[TestNG] Running:
  C:\Users\Admin\eclipse-workspace\NewHybridFrameWork\Master.xml

23:06:53.796 [main] INFO  org.testng.internal.Utils -[TestNG] Running:
  C:\Users\Admin\eclipse-workspace\NewHybridFrameWork\Master.xml

23:07:34.242 [main] INFO  org.testng.internal.Utils -[TestNG] Running:
  C:\Users\Admin\eclipse-workspace\NewHybridFrameWork\Master.xml

23:10:37.747 [main] INFO  org.testng.internal.Utils -[TestNG] Running:
  C:\Users\Admin\eclipse-workspace\NewHybridFrameWork\Master.xml

23:10:43.043 [TestNG-tests-1] INFO  TestCases.TC002_LoginTest -**** Test case TC_002 LoginTest Started *****
23:12:49.668 [main] INFO  org.testng.internal.Utils -[TestNG] Running:
  C:\Users\Admin\eclipse-workspace\NewHybridFrameWork\Master.xml

23:12:54.629 [TestNG-tests-1] INFO  TestCases.TC002_LoginTest -**** Test case TC_002 LoginTest Started *****
23:56:50.157 [main] INFO  org.testng.internal.Utils -[TestNG] Running:
  C:\Users\Admin\eclipse-workspace\NewHybridFrameWork\Master.xml

15:12:45.608 [main] INFO  org.testng.internal.Utils -[TestNG] Running:
  C:\Users\Admin\eclipse-workspace\NewHybridFrameWork\docker.xml

15:12:59.372 [main] INFO  TestCases.TC001_Registration -TC started....
15:13:09.517 [main] ERROR TestCases.TC001_Registration -Error logs...
15:13:20.514 [main] INFO  TestCases.TC002_LoginTest -**** Test case TC_002 LoginTest Started *****
15:15:28.582 [main] INFO  org.testng.internal.Utils -[TestNG] Running:
  C:\Users\Admin\eclipse-workspace\NewHybridFrameWork\Master.xml

15:16:18.783 [main] INFO  org.testng.internal.Utils -[TestNG] Running:
  C:\Users\Admin\eclipse-workspace\NewHybridFrameWork\Master.xml

15:16:37.145 [TestNG-tests-1] INFO  TestCases.TC002_LoginTest -**** Test case TC_002 LoginTest Started *****
15:17:25.946 [main] INFO  org.testng.internal.Utils -[TestNG] Running:
  C:\Users\Admin\eclipse-workspace\NewHybridFrameWork\Master.xml

15:17:29.932 [TestNG-tests-1] INFO  TestCases.TC002_LoginTest -**** Test case TC_002 LoginTest Started *****
15:17:31.631 [TestNG-tests-1] INFO  TestCases.TC002_LoginTest -**** Test case TC_002 LoginTest Finished *****
15:18:55.666 [main] INFO  org.testng.internal.Utils -[TestNG] Running:
  C:\Users\Admin\eclipse-workspace\NewHybridFrameWork\docker.xml

