15:18:59.581 [main] INFO  TestCases.TC002_LoginTest -**** Test case TC_002 LoginTest Started *****
15:19:01.754 [main] INFO  TestCases.TC002_LoginTest -**** Test case TC_002 LoginTest Finished *****
15:19:23.082 [main] INFO  org.testng.internal.Utils -[TestNG] Running:
  C:\Users\Admin\eclipse-workspace\NewHybridFrameWork\docker.xml

15:19:26.718 [main] INFO  TestCases.TC002_LoginTest -**** Test case TC_002 LoginTest Started *****
15:19:28.623 [main] INFO  TestCases.TC002_LoginTest -**** Test case TC_002 LoginTest Finished *****
15:25:36.023 [main] INFO  org.testng.internal.Utils -[TestNG] Running:
  C:\Users\Admin\eclipse-workspace\NewHybridFrameWork\docker.xml

15:31:09.055 [main] INFO  org.testng.internal.Utils -[TestNG] Running:
  C:\Users\Admin\eclipse-workspace\NewHybridFrameWork\docker.xml

15:36:36.239 [main] INFO  org.testng.internal.Utils -[TestNG] Running:
  C:\Users\Admin\eclipse-workspace\NewHybridFrameWork\docker.xml

15:36:44.138 [main] INFO  TestCases.TC002_LoginTest -**** Test case TC_002 LoginTest Started *****
15:36:45.935 [main] INFO  TestCases.TC002_LoginTest -**** Test case TC_002 LoginTest Finished *****
15:38:16.041 [main] INFO  org.testng.internal.Utils -[TestNG] Running:
  C:\Users\Admin\eclipse-workspace\NewHybridFrameWork\docker.xml

15:38:19.862 [main] INFO  TestCases.TC001_Registration -TC started....
15:38:21.043 [main] INFO  TestCases.TC001_Registration -Entered firstName...
15:38:21.181 [main] INFO  TestCases.TC001_Registration -Entered lastname...
15:38:21.324 [main] INFO  TestCases.TC001_Registration -Enterd email...
15:38:22.895 [main] INFO  TestCases.TC001_Registration -clicked on continue button...
15:38:22.991 [main] INFO  TestCases.TC001_Registration -Account created...
15:38:25.517 [main] INFO  TestCases.TC002_LoginTest -**** Test case TC_002 LoginTest Started *****
15:38:27.433 [main] INFO  TestCases.TC002_LoginTest -**** Test case TC_002 LoginTest Finished *****
15:38:32.690 [main] INFO  TestCases.TC001_Registration -TC started....
15:38:34.007 [main] INFO  TestCases.TC001_Registration -Entered firstName...
15:38:34.085 [main] INFO  TestCases.TC001_Registration -Entered lastname...
15:38:34.161 [main] INFO  TestCases.TC001_Registration -Enterd email...
15:38:35.400 [main] INFO  TestCases.TC001_Registration -clicked on continue button...
15:38:35.447 [main] INFO  TestCases.TC001_Registration -Account created...
15:38:41.835 [main] INFO  TestCases.TC002_LoginTest -**** Test case TC_002 LoginTest Started *****
15:38:43.685 [main] INFO  TestCases.TC002_LoginTest -**** Test case TC_002 LoginTest Finished *****
17:41:29.656 [main] INFO  org.testng.internal.Utils -[TestNG] Running:
  C:\Users\Admin\eclipse-workspace\NewHybridFrameWork\docker.xml

17:41:34.057 [main] INFO  TestCases.TC001_Registration -TC started....
17:41:35.234 [main] INFO  TestCases.TC001_Registration -Entered firstName...
17:41:35.361 [main] INFO  TestCases.TC001_Registration -Entered lastname...
17:41:35.474 [main] INFO  TestCases.TC001_Registration -Enterd email...
17:41:37.095 [main] INFO  TestCases.TC001_Registration -clicked on continue button...
17:41:37.189 [main] INFO  TestCases.TC001_Registration -Account created...
17:41:39.629 [main] INFO  TestCases.TC002_LoginTest -**** Test case TC_002 LoginTest Started *****
17:41:41.305 [main] INFO  TestCases.TC002_LoginTest -**** Test case TC_002 LoginTest Finished *****
17:41:47.635 [main] INFO  TestCases.TC001_Registration -TC started....
17:41:49.042 [main] INFO  TestCases.TC001_Registration -Entered firstName...
17:41:49.116 [main] INFO  TestCases.TC001_Registration -Entered lastname...
17:41:49.188 [main] INFO  TestCases.TC001_Registration -Enterd email...
17:41:50.481 [main] INFO  TestCases.TC001_Registration -clicked on continue button...
17:41:50.534 [main] INFO  TestCases.TC001_Registration -Account created...
17:41:55.760 [main] INFO  TestCases.TC002_LoginTest -**** Test case TC_002 LoginTest Started *****
17:41:57.680 [main] INFO  TestCases.TC002_LoginTest -**** Test case TC_002 LoginTest Finished *****
18:47:47.311 [TestNG-tests-1] INFO  TestCases.TC002_LoginTest -**** Test case TC_002 LoginTest Started *****
18:47:48.994 [TestNG-tests-1] INFO  TestCases.TC002_LoginTest -**** Test case TC_002 LoginTest Finished *****
